<?xml version="1.0" encoding="UTF-8"?>
<!-- Generated by org.testng.reporters.JUnitReportReporter -->
<testsuite skipped="0" hostname="LAPTOP-CJSEGPD6" name="TestCases.TC_08DeleteWishList" tests="1" failures="0" timestamp="10 Apr 2020 12:07:40 GMT" time="7.442" errors="0">
  <testcase name="Delete" time="7.442" classname="TestCases.TC_08DeleteWishList"/>
</testsuite> <!-- TestCases.TC_08DeleteWishList -->
