<?xml version="1.0" encoding="UTF-8"?>
<!-- Generated by org.testng.reporters.JUnitReportReporter -->
<testsuite skipped="0" hostname="LAPTOP-CJSEGPD6" name="TestCases.Tc_01AddToWishList" tests="1" failures="0" timestamp="10 Apr 2020 12:07:40 GMT" time="13.395" errors="0">
  <testcase name="wishlist" time="13.395" classname="TestCases.Tc_01AddToWishList"/>
</testsuite> <!-- TestCases.Tc_01AddToWishList -->
