<?xml version="1.0" encoding="UTF-8"?>
<!-- Generated by org.testng.reporters.JUnitReportReporter -->
<testsuite skipped="0" hostname="LAPTOP-CJSEGPD6" name="TestCases.TC_03MyCart" tests="1" failures="0" timestamp="10 Apr 2020 12:07:40 GMT" time="6.107" errors="0">
  <testcase name="Mycart" time="6.107" classname="TestCases.TC_03MyCart"/>
</testsuite> <!-- TestCases.TC_03MyCart -->
