<?xml version="1.0" encoding="UTF-8"?>
<!-- Generated by org.testng.reporters.JUnitReportReporter -->
<testsuite skipped="0" hostname="LAPTOP-CJSEGPD6" name="TestCases.TC_07ChangePinCode" tests="1" failures="0" timestamp="10 Apr 2020 12:07:40 GMT" time="12.868" errors="0">
  <testcase name="wishlist" time="12.868" classname="TestCases.TC_07ChangePinCode"/>
</testsuite> <!-- TestCases.TC_07ChangePinCode -->
