<?xml version="1.0" encoding="UTF-8"?>
<!-- Generated by org.testng.reporters.JUnitReportReporter -->
<testsuite skipped="0" hostname="LAPTOP-CJSEGPD6" name="TestCases.TC_02MyProfile" tests="1" failures="0" timestamp="10 Apr 2020 12:07:40 GMT" time="8.311" errors="0">
  <testcase name="profile" time="8.311" classname="TestCases.TC_02MyProfile"/>
</testsuite> <!-- TestCases.TC_02MyProfile -->
